This file contains any messages produced by compilers while
running configure, to aid debugging if configure makes a mistake.

It was created by zmqpbexample configure 0.1, which was
generated by GNU Autoconf 2.66.  Invocation command line was

  $ ./configure 

## --------- ##
## Platform. ##
## --------- ##

hostname = jrmbp.local
uname -m = x86_64
uname -r = 11.2.0
uname -s = Darwin
uname -v = Darwin Kernel Version 11.2.0: Tue Aug  9 20:54:00 PDT 2011; root:xnu-1699.24.8~1/RELEASE_X86_64

/usr/bin/uname -p = i386
/bin/uname -X     = unknown

/bin/arch              = unknown
/usr/bin/arch -k       = unknown
/usr/convex/getsysinfo = unknown
/usr/bin/hostinfo      = Mach kernel version:
	 Darwin Kernel Version 11.2.0: Tue Aug  9 20:54:00 PDT 2011; root:xnu-1699.24.8~1/RELEASE_X86_64
Kernel configured for up to 2 processors.
2 processors are physically available.
2 processors are logically available.
Processor type: i486 (Intel 80486)
Processors active: 0 1
Primary memory available: 8.00 gigabytes
Default processor set: 118 tasks, 593 threads, 2 processors
Load average: 0.59, Mach factor: 1.40
/bin/machine           = unknown
/usr/bin/oslevel       = unknown
/bin/universe          = unknown

PATH: /Library/Frameworks/Python.framework/Versions/2.6/bin
PATH: /opt/local/bin
PATH: /opt/local/sbin
PATH: /Users/josh/Source/go/bin
PATH: /Applications/liftweb-1.0.1/apache-maven/bin
PATH: /usr/bin
PATH: /bin
PATH: /usr/sbin
PATH: /sbin
PATH: /usr/local/bin
PATH: /usr/X11/bin
PATH: /Users/josh/bin
PATH: /Users/josh/Downloads/flex_sdk_4/bin
PATH: /usr/local/mongodb/bin
PATH: /Users/josh/.rvm/bin


## ----------- ##
## Core tests. ##
## ----------- ##

configure:2299: checking for a BSD-compatible install
configure:2367: result: /usr/bin/install -c
configure:2378: checking whether build environment is sane
configure:2428: result: yes
configure:2569: checking for a thread-safe mkdir -p
configure:2608: result: config/install-sh -c -d
configure:2621: checking for gawk
configure:2651: result: no
configure:2621: checking for mawk
configure:2651: result: no
configure:2621: checking for nawk
configure:2651: result: no
configure:2621: checking for awk
configure:2637: found /usr/bin/awk
configure:2648: result: awk
configure:2659: checking whether make sets $(MAKE)
configure:2681: result: yes
configure:2819: checking for g++
configure:2835: found /usr/bin/g++
configure:2846: result: g++
configure:2873: checking for C++ compiler version
configure:2882: g++ --version >&5
i686-apple-darwin11-llvm-g++-4.2 (GCC) 4.2.1 (Based on Apple Inc. build 5658) (LLVM build 2335.15.00)
Copyright (C) 2007 Free Software Foundation, Inc.
This is free software; see the source for copying conditions.  There is NO
warranty; not even for MERCHANTABILITY or FITNESS FOR A PARTICULAR PURPOSE.

configure:2893: $? = 0
configure:2882: g++ -v >&5
Using built-in specs.
Target: i686-apple-darwin11
Configured with: /private/var/tmp/llvmgcc42/llvmgcc42-2335.15~25/src/configure --disable-checking --enable-werror --prefix=/Developer/usr/llvm-gcc-4.2 --mandir=/share/man --enable-languages=c,objc,c++,obj-c++ --program-prefix=llvm- --program-transform-name=/^[cg][^.-]*$/s/$/-4.2/ --with-slibdir=/usr/lib --build=i686-apple-darwin11 --enable-llvm=/private/var/tmp/llvmgcc42/llvmgcc42-2335.15~25/dst-llvmCore/Developer/usr/local --program-prefix=i686-apple-darwin11- --host=x86_64-apple-darwin11 --target=i686-apple-darwin11 --with-gxx-include-dir=/usr/include/c++/4.2.1
Thread model: posix
gcc version 4.2.1 (Based on Apple Inc. build 5658) (LLVM build 2335.15.00)
configure:2893: $? = 0
configure:2882: g++ -V >&5
llvm-g++-4.2: argument to `-V' is missing
configure:2893: $? = 1
configure:2882: g++ -qversion >&5
i686-apple-darwin11-llvm-g++-4.2: no input files
configure:2893: $? = 1
configure:2913: checking whether the C++ compiler works
configure:2935: g++    conftest.cpp  >&5
configure:2939: $? = 0
configure:2987: result: yes
configure:2990: checking for C++ compiler default output file name
configure:2992: result: a.out
configure:2998: checking for suffix of executables
configure:3005: g++ -o conftest    conftest.cpp  >&5
configure:3009: $? = 0
configure:3031: result: 
configure:3053: checking whether we are cross compiling
configure:3061: g++ -o conftest    conftest.cpp  >&5
configure:3065: $? = 0
configure:3072: ./conftest
configure:3076: $? = 0
configure:3091: result: no
configure:3096: checking for suffix of object files
configure:3118: g++ -c   conftest.cpp >&5
configure:3122: $? = 0
configure:3143: result: o
configure:3147: checking whether we are using the GNU C++ compiler
configure:3166: g++ -c   conftest.cpp >&5
configure:3166: $? = 0
configure:3175: result: yes
configure:3184: checking whether g++ accepts -g
configure:3204: g++ -c -g  conftest.cpp >&5
configure:3204: $? = 0
configure:3245: result: yes
configure:3279: checking for style of include used by make
configure:3307: result: GNU
configure:3332: checking dependency style of g++
configure:3442: result: gcc3
configure:3486: checking build system type
configure:3500: result: x86_64-apple-darwin11.2.0
configure:3520: checking host system type
configure:3533: result: x86_64-apple-darwin11.2.0
configure:3574: checking how to print strings
configure:3601: result: printf
configure:3670: checking for gcc
configure:3686: found /usr/bin/gcc
configure:3697: result: gcc
configure:3926: checking for C compiler version
configure:3935: gcc --version >&5
i686-apple-darwin11-llvm-gcc-4.2 (GCC) 4.2.1 (Based on Apple Inc. build 5658) (LLVM build 2335.15.00)
Copyright (C) 2007 Free Software Foundation, Inc.
This is free software; see the source for copying conditions.  There is NO
warranty; not even for MERCHANTABILITY or FITNESS FOR A PARTICULAR PURPOSE.

configure:3946: $? = 0
configure:3935: gcc -v >&5
Using built-in specs.
Target: i686-apple-darwin11
Configured with: /private/var/tmp/llvmgcc42/llvmgcc42-2335.15~25/src/configure --disable-checking --enable-werror --prefix=/Developer/usr/llvm-gcc-4.2 --mandir=/share/man --enable-languages=c,objc,c++,obj-c++ --program-prefix=llvm- --program-transform-name=/^[cg][^.-]*$/s/$/-4.2/ --with-slibdir=/usr/lib --build=i686-apple-darwin11 --enable-llvm=/private/var/tmp/llvmgcc42/llvmgcc42-2335.15~25/dst-llvmCore/Developer/usr/local --program-prefix=i686-apple-darwin11- --host=x86_64-apple-darwin11 --target=i686-apple-darwin11 --with-gxx-include-dir=/usr/include/c++/4.2.1
Thread model: posix
gcc version 4.2.1 (Based on Apple Inc. build 5658) (LLVM build 2335.15.00)
configure:3946: $? = 0
configure:3935: gcc -V >&5
llvm-gcc-4.2: argument to `-V' is missing
configure:3946: $? = 1
configure:3935: gcc -qversion >&5
i686-apple-darwin11-llvm-gcc-4.2: no input files
configure:3946: $? = 1
configure:3950: checking whether we are using the GNU C compiler
configure:3969: gcc -c   conftest.c >&5
configure:3969: $? = 0
configure:3978: result: yes
configure:3987: checking whether gcc accepts -g
configure:4007: gcc -c -g  conftest.c >&5
configure:4007: $? = 0
configure:4048: result: yes
configure:4065: checking for gcc option to accept ISO C89
configure:4129: gcc  -c -g -O2  conftest.c >&5
configure:4129: $? = 0
configure:4142: result: none needed
configure:4164: checking dependency style of gcc
configure:4274: result: gcc3
configure:4289: checking for a sed that does not truncate output
configure:4353: result: /usr/bin/sed
configure:4371: checking for grep that handles long lines and -e
configure:4429: result: /usr/bin/grep
configure:4434: checking for egrep
configure:4496: result: /usr/bin/grep -E
configure:4501: checking for fgrep
configure:4563: result: /usr/bin/grep -F
configure:4598: checking for ld used by gcc
configure:4665: result: /usr/llvm-gcc-4.2/libexec/gcc/i686-apple-darwin11/4.2.1/ld
configure:4672: checking if the linker (/usr/llvm-gcc-4.2/libexec/gcc/i686-apple-darwin11/4.2.1/ld) is GNU ld
configure:4687: result: no
configure:4699: checking for BSD- or MS-compatible name lister (nm)
configure:4748: result: /usr/bin/nm
configure:4878: checking the name lister (/usr/bin/nm) interface
configure:4885: gcc -c -g -O2  conftest.c >&5
configure:4888: /usr/bin/nm "conftest.o"
configure:4891: output
000000000000018c S _some_variable
configure:4898: result: BSD nm
configure:4901: checking whether ln -s works
configure:4905: result: yes
configure:4913: checking the maximum length of command line arguments
configure:5038: result: 196608
configure:5055: checking whether the shell understands some XSI constructs
configure:5065: result: yes
configure:5069: checking whether the shell understands "+="
configure:5075: result: yes
configure:5110: checking for /usr/llvm-gcc-4.2/libexec/gcc/i686-apple-darwin11/4.2.1/ld option to reload object files
configure:5117: result: -r
configure:5186: checking for objdump
configure:5216: result: no
configure:5245: checking how to recognize dependent libraries
configure:5447: result: pass_all
configure:5507: checking for ar
configure:5523: found /usr/bin/ar
configure:5534: result: ar
configure:5612: checking for strip
configure:5628: found /usr/bin/strip
configure:5639: result: strip
configure:5711: checking for ranlib
configure:5727: found /usr/bin/ranlib
configure:5738: result: ranlib
configure:5840: checking command to parse /usr/bin/nm output from gcc object
configure:5958: gcc -c -g -O2  conftest.c >&5
configure:5961: $? = 0
configure:5965: /usr/bin/nm conftest.o \| sed -n -e 's/^.*[ ]\([BCDEGRST][BCDEGRST]*\)[ ][ ]*\([_A-Za-z][_A-Za-z0-9]*\)$/\1 \2 \2/p' \> conftest.nm
configure:5968: $? = 0
cannot find nm_test_var in conftest.nm
configure:5958: gcc -c -g -O2  conftest.c >&5
configure:5961: $? = 0
configure:5965: /usr/bin/nm conftest.o \| sed -n -e 's/^.*[ ]\([BCDEGRST][BCDEGRST]*\)[ ][ ]*_\([_A-Za-z][_A-Za-z0-9]*\)$/\1 _\2 \2/p' \> conftest.nm
configure:5968: $? = 0
configure:6022: gcc -o conftest -g -O2   conftest.c conftstm.o >&5
configure:6025: $? = 0
configure:6063: result: ok
configure:6328: checking for dsymutil
configure:6344: found /usr/bin/dsymutil
configure:6355: result: dsymutil
configure:6420: checking for nmedit
configure:6436: found /usr/bin/nmedit
configure:6447: result: nmedit
configure:6512: checking for lipo
configure:6528: found /usr/bin/lipo
configure:6539: result: lipo
configure:6604: checking for otool
configure:6620: found /usr/bin/otool
configure:6631: result: otool
configure:6696: checking for otool64
configure:6726: result: no
configure:6771: checking for -single_module linker flag
gcc -g -O2  -o libconftest.dylib -dynamiclib -Wl,-single_module conftest.c
configure:6798: result: yes
configure:6800: checking for -exported_symbols_list linker flag
configure:6820: gcc -o conftest -g -O2   -Wl,-exported_symbols_list,conftest.sym conftest.c  >&5
configure:6820: $? = 0
configure:6830: result: yes
configure:6832: checking for -force_load linker flag
gcc -g -O2 -c -o conftest.o conftest.c
ar cru libconftest.a conftest.o
ranlib libconftest.a
gcc -g -O2  -o conftest conftest.c -Wl,-force_load,./libconftest.a
configure:6862: result: yes
configure:6904: checking how to run the C preprocessor
configure:6935: gcc -E  conftest.c
configure:6935: $? = 0
configure:6949: gcc -E  conftest.c
conftest.c:11:28: error: ac_nonexistent.h: No such file or directory
configure:6949: $? = 1
configure: failed program was:
| /* confdefs.h */
| #define PACKAGE_NAME "zmqpbexample"
| #define PACKAGE_TARNAME "zmqpbexample"
| #define PACKAGE_VERSION "0.1"
| #define PACKAGE_STRING "zmqpbexample 0.1"
| #define PACKAGE_BUGREPORT "joshrotenberg@gmail.com"
| #define PACKAGE_URL ""
| #define PACKAGE "zmqpbexample"
| #define VERSION "0.1"
| /* end confdefs.h.  */
| #include <ac_nonexistent.h>
configure:6974: result: gcc -E
configure:6994: gcc -E  conftest.c
configure:6994: $? = 0
configure:7008: gcc -E  conftest.c
conftest.c:11:28: error: ac_nonexistent.h: No such file or directory
configure:7008: $? = 1
configure: failed program was:
| /* confdefs.h */
| #define PACKAGE_NAME "zmqpbexample"
| #define PACKAGE_TARNAME "zmqpbexample"
| #define PACKAGE_VERSION "0.1"
| #define PACKAGE_STRING "zmqpbexample 0.1"
| #define PACKAGE_BUGREPORT "joshrotenberg@gmail.com"
| #define PACKAGE_URL ""
| #define PACKAGE "zmqpbexample"
| #define VERSION "0.1"
| /* end confdefs.h.  */
| #include <ac_nonexistent.h>
configure:7037: checking for ANSI C header files
configure:7057: gcc -c -g -O2  conftest.c >&5
configure:7057: $? = 0
configure:7130: gcc -o conftest -g -O2   conftest.c  >&5
configure:7130: $? = 0
configure:7130: ./conftest
configure:7130: $? = 0
configure:7141: result: yes
configure:7154: checking for sys/types.h
configure:7154: gcc -c -g -O2  conftest.c >&5
configure:7154: $? = 0
configure:7154: result: yes
configure:7154: checking for sys/stat.h
configure:7154: gcc -c -g -O2  conftest.c >&5
configure:7154: $? = 0
configure:7154: result: yes
configure:7154: checking for stdlib.h
configure:7154: gcc -c -g -O2  conftest.c >&5
configure:7154: $? = 0
configure:7154: result: yes
configure:7154: checking for string.h
configure:7154: gcc -c -g -O2  conftest.c >&5
configure:7154: $? = 0
configure:7154: result: yes
configure:7154: checking for memory.h
configure:7154: gcc -c -g -O2  conftest.c >&5
configure:7154: $? = 0
configure:7154: result: yes
configure:7154: checking for strings.h
configure:7154: gcc -c -g -O2  conftest.c >&5
configure:7154: $? = 0
configure:7154: result: yes
configure:7154: checking for inttypes.h
configure:7154: gcc -c -g -O2  conftest.c >&5
configure:7154: $? = 0
configure:7154: result: yes
configure:7154: checking for stdint.h
configure:7154: gcc -c -g -O2  conftest.c >&5
configure:7154: $? = 0
configure:7154: result: yes
configure:7154: checking for unistd.h
configure:7154: gcc -c -g -O2  conftest.c >&5
configure:7154: $? = 0
configure:7154: result: yes
configure:7168: checking for dlfcn.h
configure:7168: gcc -c -g -O2  conftest.c >&5
configure:7168: $? = 0
configure:7168: result: yes
configure:7356: checking for objdir
configure:7371: result: .libs
configure:7642: checking if gcc supports -fno-rtti -fno-exceptions
configure:7660: gcc -c -g -O2  -fno-rtti -fno-exceptions conftest.c >&5
cc1: warning: command line option "-fno-rtti" is valid for C++/ObjC++ but not for C
configure:7664: $? = 0
configure:7677: result: no
configure:7697: checking for gcc option to produce PIC
configure:7982: result: -fno-common -DPIC
configure:7994: checking if gcc PIC flag -fno-common -DPIC works
configure:8012: gcc -c -g -O2  -fno-common -DPIC -DPIC conftest.c >&5
configure:8016: $? = 0
configure:8029: result: yes
configure:8053: checking if gcc static flag -static works
configure:8081: result: no
configure:8096: checking if gcc supports -c -o file.o
configure:8117: gcc -c -g -O2  -o out/conftest2.o conftest.c >&5
configure:8121: $? = 0
configure:8143: result: yes
configure:8151: checking if gcc supports -c -o file.o
configure:8198: result: yes
configure:8231: checking whether the gcc linker (/usr/llvm-gcc-4.2/libexec/gcc/i686-apple-darwin11/4.2.1/ld) supports shared libraries
configure:9306: result: yes
configure:9551: checking dynamic linker characteristics
configure:10232: result: darwin11.2.0 dyld
configure:10339: checking how to hardcode library paths into programs
configure:10364: result: immediate
configure:10904: checking whether stripping libraries is possible
configure:10918: result: yes
configure:10944: checking if libtool supports shared libraries
configure:10946: result: yes
configure:10949: checking whether to build shared libraries
configure:10970: result: yes
configure:10973: checking whether to build static libraries
configure:10977: result: yes
configure:11000: checking how to run the C++ preprocessor
configure:11027: g++ -E  conftest.cpp
configure:11027: $? = 0
configure:11041: g++ -E  conftest.cpp
conftest.cpp:23:28: error: ac_nonexistent.h: No such file or directory
configure:11041: $? = 1
configure: failed program was:
| /* confdefs.h */
| #define PACKAGE_NAME "zmqpbexample"
| #define PACKAGE_TARNAME "zmqpbexample"
| #define PACKAGE_VERSION "0.1"
| #define PACKAGE_STRING "zmqpbexample 0.1"
| #define PACKAGE_BUGREPORT "joshrotenberg@gmail.com"
| #define PACKAGE_URL ""
| #define PACKAGE "zmqpbexample"
| #define VERSION "0.1"
| #define STDC_HEADERS 1
| #define HAVE_SYS_TYPES_H 1
| #define HAVE_SYS_STAT_H 1
| #define HAVE_STDLIB_H 1
| #define HAVE_STRING_H 1
| #define HAVE_MEMORY_H 1
| #define HAVE_STRINGS_H 1
| #define HAVE_INTTYPES_H 1
| #define HAVE_STDINT_H 1
| #define HAVE_UNISTD_H 1
| #define HAVE_DLFCN_H 1
| #define LT_OBJDIR ".libs/"
| /* end confdefs.h.  */
| #include <ac_nonexistent.h>
configure:11066: result: g++ -E
configure:11086: g++ -E  conftest.cpp
configure:11086: $? = 0
configure:11100: g++ -E  conftest.cpp
conftest.cpp:23:28: error: ac_nonexistent.h: No such file or directory
configure:11100: $? = 1
configure: failed program was:
| /* confdefs.h */
| #define PACKAGE_NAME "zmqpbexample"
| #define PACKAGE_TARNAME "zmqpbexample"
| #define PACKAGE_VERSION "0.1"
| #define PACKAGE_STRING "zmqpbexample 0.1"
| #define PACKAGE_BUGREPORT "joshrotenberg@gmail.com"
| #define PACKAGE_URL ""
| #define PACKAGE "zmqpbexample"
| #define VERSION "0.1"
| #define STDC_HEADERS 1
| #define HAVE_SYS_TYPES_H 1
| #define HAVE_SYS_STAT_H 1
| #define HAVE_STDLIB_H 1
| #define HAVE_STRING_H 1
| #define HAVE_MEMORY_H 1
| #define HAVE_STRINGS_H 1
| #define HAVE_INTTYPES_H 1
| #define HAVE_STDINT_H 1
| #define HAVE_UNISTD_H 1
| #define HAVE_DLFCN_H 1
| #define LT_OBJDIR ".libs/"
| /* end confdefs.h.  */
| #include <ac_nonexistent.h>
configure:11268: checking for ld used by g++
configure:11335: result: /usr/llvm-gcc-4.2/libexec/gcc/i686-apple-darwin11/4.2.1/ld
configure:11342: checking if the linker (/usr/llvm-gcc-4.2/libexec/gcc/i686-apple-darwin11/4.2.1/ld) is GNU ld
configure:11357: result: no
configure:11412: checking whether the g++ linker (/usr/llvm-gcc-4.2/libexec/gcc/i686-apple-darwin11/4.2.1/ld) supports shared libraries
configure:12344: result: yes
configure:12372: g++ -c -g -O2  conftest.cpp >&5
configure:12375: $? = 0
configure:12557: checking for g++ option to produce PIC
configure:12879: result: -fno-common -DPIC
configure:12888: checking if g++ PIC flag -fno-common -DPIC works
configure:12906: g++ -c -g -O2  -fno-common -DPIC -DPIC conftest.cpp >&5
configure:12910: $? = 0
configure:12923: result: yes
configure:12944: checking if g++ static flag -static works
configure:12972: result: no
configure:12984: checking if g++ supports -c -o file.o
configure:13005: g++ -c -g -O2  -o out/conftest2.o conftest.cpp >&5
configure:13009: $? = 0
configure:13031: result: yes
configure:13036: checking if g++ supports -c -o file.o
configure:13083: result: yes
configure:13113: checking whether the g++ linker (/usr/llvm-gcc-4.2/libexec/gcc/i686-apple-darwin11/4.2.1/ld) supports shared libraries
configure:13141: result: yes
configure:13284: checking dynamic linker characteristics
configure:13899: result: darwin11.2.0 dyld
configure:13952: checking how to hardcode library paths into programs
configure:13977: result: immediate
configure:14089: checking for pkg-config
configure:14107: found /usr/bin/pkg-config
configure:14119: result: /usr/bin/pkg-config
configure:14144: checking pkg-config is at least version 0.9.0
configure:14147: result: yes
configure:14157: checking for ZMQ
configure:14164: $PKG_CONFIG --exists --print-errors "libzmq >= 2.1.7"
configure:14167: $? = 0
configure:14180: $PKG_CONFIG --exists --print-errors "libzmq >= 2.1.7"
configure:14183: $? = 0
configure:14242: result: yes
configure:14251: checking for protoc
configure:14270: found /usr/bin/protoc
configure:14283: result: /usr/bin/protoc
configure:14297: checking for PROTOBUF
configure:14304: $PKG_CONFIG --exists --print-errors "protobuf >= 2.3.0"
configure:14307: $? = 0
configure:14320: $PKG_CONFIG --exists --print-errors "protobuf >= 2.3.0"
configure:14323: $? = 0
configure:14382: result: yes
configure:14515: creating ./config.status

## ---------------------- ##
## Running config.status. ##
## ---------------------- ##

This file was extended by zmqpbexample config.status 0.1, which was
generated by GNU Autoconf 2.66.  Invocation command line was

  CONFIG_FILES    = 
  CONFIG_HEADERS  = 
  CONFIG_LINKS    = 
  CONFIG_COMMANDS = 
  $ ./config.status 

on jrmbp.local

config.status:1137: creating Makefile
config.status:1137: creating src/Makefile
config.status:1137: creating config.h
config.status:1365: executing depfiles commands
config.status:1365: executing libtool commands

## ---------------- ##
## Cache variables. ##
## ---------------- ##

ac_cv_build=x86_64-apple-darwin11.2.0
ac_cv_c_compiler_gnu=yes
ac_cv_cxx_compiler_gnu=yes
ac_cv_env_CCC_set=
ac_cv_env_CCC_value=
ac_cv_env_CC_set=
ac_cv_env_CC_value=
ac_cv_env_CFLAGS_set=
ac_cv_env_CFLAGS_value=
ac_cv_env_CPPFLAGS_set=
ac_cv_env_CPPFLAGS_value=
ac_cv_env_CPP_set=
ac_cv_env_CPP_value=
ac_cv_env_CXXCPP_set=
ac_cv_env_CXXCPP_value=
ac_cv_env_CXXFLAGS_set=
ac_cv_env_CXXFLAGS_value=
ac_cv_env_CXX_set=
ac_cv_env_CXX_value=
ac_cv_env_LDFLAGS_set=
ac_cv_env_LDFLAGS_value=
ac_cv_env_LIBS_set=
ac_cv_env_LIBS_value=
ac_cv_env_PKG_CONFIG_LIBDIR_set=
ac_cv_env_PKG_CONFIG_LIBDIR_value=
ac_cv_env_PKG_CONFIG_PATH_set=
ac_cv_env_PKG_CONFIG_PATH_value=
ac_cv_env_PKG_CONFIG_set=
ac_cv_env_PKG_CONFIG_value=
ac_cv_env_PROTOBUF_CFLAGS_set=
ac_cv_env_PROTOBUF_CFLAGS_value=
ac_cv_env_PROTOBUF_LIBS_set=
ac_cv_env_PROTOBUF_LIBS_value=
ac_cv_env_ZMQ_CFLAGS_set=
ac_cv_env_ZMQ_CFLAGS_value=
ac_cv_env_ZMQ_LIBS_set=
ac_cv_env_ZMQ_LIBS_value=
ac_cv_env_build_alias_set=
ac_cv_env_build_alias_value=
ac_cv_env_host_alias_set=
ac_cv_env_host_alias_value=
ac_cv_env_target_alias_set=
ac_cv_env_target_alias_value=
ac_cv_header_dlfcn_h=yes
ac_cv_header_inttypes_h=yes
ac_cv_header_memory_h=yes
ac_cv_header_stdc=yes
ac_cv_header_stdint_h=yes
ac_cv_header_stdlib_h=yes
ac_cv_header_string_h=yes
ac_cv_header_strings_h=yes
ac_cv_header_sys_stat_h=yes
ac_cv_header_sys_types_h=yes
ac_cv_header_unistd_h=yes
ac_cv_host=x86_64-apple-darwin11.2.0
ac_cv_objext=o
ac_cv_path_EGREP='/usr/bin/grep -E'
ac_cv_path_FGREP='/usr/bin/grep -F'
ac_cv_path_GREP=/usr/bin/grep
ac_cv_path_PROTOC=/usr/bin/protoc
ac_cv_path_SED=/usr/bin/sed
ac_cv_path_ac_pt_PKG_CONFIG=/usr/bin/pkg-config
ac_cv_path_install='/usr/bin/install -c'
ac_cv_prog_AWK=awk
ac_cv_prog_CPP='gcc -E'
ac_cv_prog_CXXCPP='g++ -E'
ac_cv_prog_ac_ct_AR=ar
ac_cv_prog_ac_ct_CC=gcc
ac_cv_prog_ac_ct_CXX=g++
ac_cv_prog_ac_ct_DSYMUTIL=dsymutil
ac_cv_prog_ac_ct_LIPO=lipo
ac_cv_prog_ac_ct_NMEDIT=nmedit
ac_cv_prog_ac_ct_OTOOL=otool
ac_cv_prog_ac_ct_RANLIB=ranlib
ac_cv_prog_ac_ct_STRIP=strip
ac_cv_prog_cc_c89=
ac_cv_prog_cc_g=yes
ac_cv_prog_cxx_g=yes
ac_cv_prog_make_make_set=yes
am_cv_CC_dependencies_compiler_type=gcc3
am_cv_CXX_dependencies_compiler_type=gcc3
lt_cv_apple_cc_single_mod=yes
lt_cv_deplibs_check_method=pass_all
lt_cv_file_magic_cmd='$MAGIC_CMD'
lt_cv_file_magic_test_file=
lt_cv_ld_exported_symbols_list=yes
lt_cv_ld_force_load=yes
lt_cv_ld_reload_flag=-r
lt_cv_nm_interface='BSD nm'
lt_cv_objdir=.libs
lt_cv_path_LD=/usr/llvm-gcc-4.2/libexec/gcc/i686-apple-darwin11/4.2.1/ld
lt_cv_path_LDCXX=/usr/llvm-gcc-4.2/libexec/gcc/i686-apple-darwin11/4.2.1/ld
lt_cv_path_NM=/usr/bin/nm
lt_cv_prog_compiler_c_o=yes
lt_cv_prog_compiler_c_o_CXX=yes
lt_cv_prog_compiler_pic_works=yes
lt_cv_prog_compiler_pic_works_CXX=yes
lt_cv_prog_compiler_rtti_exceptions=no
lt_cv_prog_compiler_static_works=no
lt_cv_prog_compiler_static_works_CXX=no
lt_cv_prog_gnu_ld=no
lt_cv_prog_gnu_ldcxx=no
lt_cv_sys_global_symbol_pipe='sed -n -e '\''s/^.*[	 ]\([BCDEGRST][BCDEGRST]*\)[	 ][	 ]*_\([_A-Za-z][_A-Za-z0-9]*\)$/\1 _\2 \2/p'\'''
lt_cv_sys_global_symbol_to_c_name_address='sed -n -e '\''s/^: \([^ ]*\) $/  {\"\1\", (void *) 0},/p'\'' -e '\''s/^[BCDEGRST]* \([^ ]*\) \([^ ]*\)$/  {"\2", (void *) \&\2},/p'\'''
lt_cv_sys_global_symbol_to_c_name_address_lib_prefix='sed -n -e '\''s/^: \([^ ]*\) $/  {\"\1\", (void *) 0},/p'\'' -e '\''s/^[BCDEGRST]* \([^ ]*\) \(lib[^ ]*\)$/  {"\2", (void *) \&\2},/p'\'' -e '\''s/^[BCDEGRST]* \([^ ]*\) \([^ ]*\)$/  {"lib\2", (void *) \&\2},/p'\'''
lt_cv_sys_global_symbol_to_cdecl='sed -n -e '\''s/^T .* \(.*\)$/extern int \1();/p'\'' -e '\''s/^[BCDEGRST]* .* \(.*\)$/extern char \1;/p'\'''
lt_cv_sys_max_cmd_len=196608
pkg_cv_PROTOBUF_CFLAGS='-D_THREAD_SAFE  '
pkg_cv_PROTOBUF_LIBS='-D_THREAD_SAFE -lprotobuf -lz  '
pkg_cv_ZMQ_CFLAGS='-I/usr/local/include  '
pkg_cv_ZMQ_LIBS='-L/usr/local/lib -lzmq  '

## ----------------- ##
## Output variables. ##
## ----------------- ##

ACLOCAL='${SHELL} /Users/josh/github/zmqpbexample/config/missing --run aclocal-1.11'
AMDEPBACKSLASH='\'
AMDEP_FALSE='#'
AMDEP_TRUE=''
AMTAR='${SHELL} /Users/josh/github/zmqpbexample/config/missing --run tar'
AM_BACKSLASH='\'
AM_DEFAULT_VERBOSITY='0'
AR='ar'
AUTOCONF='${SHELL} /Users/josh/github/zmqpbexample/config/missing --run autoconf'
AUTOHEADER='${SHELL} /Users/josh/github/zmqpbexample/config/missing --run autoheader'
AUTOMAKE='${SHELL} /Users/josh/github/zmqpbexample/config/missing --run automake-1.11'
AWK='awk'
CC='gcc'
CCDEPMODE='depmode=gcc3'
CFLAGS='-g -O2'
CPP='gcc -E'
CPPFLAGS=''
CXX='g++'
CXXCPP='g++ -E'
CXXDEPMODE='depmode=gcc3'
CXXFLAGS='-g -O2'
CYGPATH_W='echo'
DEFS='-DHAVE_CONFIG_H'
DEPDIR='.deps'
DSYMUTIL='dsymutil'
DUMPBIN=''
ECHO_C='\c'
ECHO_N=''
ECHO_T=''
EGREP='/usr/bin/grep -E'
EXEEXT=''
FGREP='/usr/bin/grep -F'
GREP='/usr/bin/grep'
INSTALL_DATA='${INSTALL} -m 644'
INSTALL_PROGRAM='${INSTALL}'
INSTALL_SCRIPT='${INSTALL}'
INSTALL_STRIP_PROGRAM='$(install_sh) -c -s'
LD='/usr/llvm-gcc-4.2/libexec/gcc/i686-apple-darwin11/4.2.1/ld'
LDFLAGS=''
LIBOBJS=''
LIBS=''
LIBTOOL='$(SHELL) $(top_builddir)/libtool'
LIPO='lipo'
LN_S='ln -s'
LTLIBOBJS=''
MAKEINFO='${SHELL} /Users/josh/github/zmqpbexample/config/missing --run makeinfo'
MKDIR_P='config/install-sh -c -d'
NM='/usr/bin/nm'
NMEDIT='nmedit'
OBJDUMP='false'
OBJEXT='o'
OTOOL64=':'
OTOOL='otool'
PACKAGE='zmqpbexample'
PACKAGE_BUGREPORT='joshrotenberg@gmail.com'
PACKAGE_NAME='zmqpbexample'
PACKAGE_STRING='zmqpbexample 0.1'
PACKAGE_TARNAME='zmqpbexample'
PACKAGE_URL=''
PACKAGE_VERSION='0.1'
PATH_SEPARATOR=':'
PKG_CONFIG='/usr/bin/pkg-config'
PKG_CONFIG_LIBDIR=''
PKG_CONFIG_PATH=''
PROTOBUF_CFLAGS='-D_THREAD_SAFE  '
PROTOBUF_LIBS='-D_THREAD_SAFE -lprotobuf -lz  '
PROTOC='/usr/bin/protoc'
RANLIB='ranlib'
SED='/usr/bin/sed'
SET_MAKE=''
SHELL='/bin/sh'
STRIP='strip'
VERSION='0.1'
ZMQ_CFLAGS='-I/usr/local/include  '
ZMQ_LIBS='-L/usr/local/lib -lzmq  '
ac_ct_CC='gcc'
ac_ct_CXX='g++'
ac_ct_DUMPBIN=''
am__EXEEXT_FALSE=''
am__EXEEXT_TRUE='#'
am__fastdepCC_FALSE='#'
am__fastdepCC_TRUE=''
am__fastdepCXX_FALSE='#'
am__fastdepCXX_TRUE=''
am__include='include'
am__isrc=''
am__leading_dot='.'
am__quote=''
am__tar='${AMTAR} chof - "$$tardir"'
am__untar='${AMTAR} xf -'
bindir='${exec_prefix}/bin'
build='x86_64-apple-darwin11.2.0'
build_alias=''
build_cpu='x86_64'
build_os='darwin11.2.0'
build_vendor='apple'
datadir='${datarootdir}'
datarootdir='${prefix}/share'
docdir='${datarootdir}/doc/${PACKAGE_TARNAME}'
dvidir='${docdir}'
exec_prefix='${prefix}'
host='x86_64-apple-darwin11.2.0'
host_alias=''
host_cpu='x86_64'
host_os='darwin11.2.0'
host_vendor='apple'
htmldir='${docdir}'
includedir='${prefix}/include'
infodir='${datarootdir}/info'
install_sh='${SHELL} /Users/josh/github/zmqpbexample/config/install-sh'
libdir='${exec_prefix}/lib'
libexecdir='${exec_prefix}/libexec'
localedir='${datarootdir}/locale'
localstatedir='${prefix}/var'
mandir='${datarootdir}/man'
mkdir_p='$(top_builddir)/config/install-sh -c -d'
oldincludedir='/usr/include'
pdfdir='${docdir}'
prefix='/usr/local'
program_transform_name='s,x,x,'
psdir='${docdir}'
sbindir='${exec_prefix}/sbin'
sharedstatedir='${prefix}/com'
sysconfdir='${prefix}/etc'
target_alias=''

## ----------- ##
## confdefs.h. ##
## ----------- ##

/* confdefs.h */
#define PACKAGE_NAME "zmqpbexample"
#define PACKAGE_TARNAME "zmqpbexample"
#define PACKAGE_VERSION "0.1"
#define PACKAGE_STRING "zmqpbexample 0.1"
#define PACKAGE_BUGREPORT "joshrotenberg@gmail.com"
#define PACKAGE_URL ""
#define PACKAGE "zmqpbexample"
#define VERSION "0.1"
#define STDC_HEADERS 1
#define HAVE_SYS_TYPES_H 1
#define HAVE_SYS_STAT_H 1
#define HAVE_STDLIB_H 1
#define HAVE_STRING_H 1
#define HAVE_MEMORY_H 1
#define HAVE_STRINGS_H 1
#define HAVE_INTTYPES_H 1
#define HAVE_STDINT_H 1
#define HAVE_UNISTD_H 1
#define HAVE_DLFCN_H 1
#define LT_OBJDIR ".libs/"

configure: exit 0
